<?xml version="1.0" encoding="UTF-8"?>
<!-- Generated by org.testng.reporters.JUnitReportReporter -->
<testsuite hostname="LAPTOP-4L578QAS" failures="0" tests="1" name="loginModule.MainPageAutometedTesterTest" time="76.563" errors="0" timestamp="2022-09-19T13:26:30 IST" skipped="0">
  <testcase classname="loginModule.MainPageAutometedTesterTest" name="LanguageSelection" time="76.563"/>
  <system-out/>
</testsuite> <!-- loginModule.MainPageAutometedTesterTest -->
