<?xml version="1.0" encoding="UTF-8"?>
<!-- Generated by org.testng.reporters.JUnitReportReporter -->
<testsuite hostname="LAPTOP-4L578QAS" failures="0" tests="1" name="loginModule.OpenBrowser" time="8.146" errors="0" timestamp="2022-09-12T13:11:54 IST" skipped="0">
  <testcase classname="loginModule.OpenBrowser" name="OpenWebsite" time="8.146"/>
  <system-out/>
</testsuite> <!-- loginModule.OpenBrowser -->
